[debug] [2023-04-27T19:15:03.940Z] ----------------------------------------------------------------------
[debug] [2023-04-27T19:15:03.942Z] Command:       /Users/stefaniaarias/.nvm/versions/node/v19.7.0/bin/node /Users/stefaniaarias/.nvm/versions/node/v19.7.0/bin/firebase init
[debug] [2023-04-27T19:15:03.942Z] CLI Version:   11.29.1
[debug] [2023-04-27T19:15:03.943Z] Platform:      darwin
[debug] [2023-04-27T19:15:03.943Z] Node Version:  v19.7.0
[debug] [2023-04-27T19:15:03.943Z] Time:          Thu Apr 27 2023 16:15:03 GMT-0300 (Argentina Standard Time)
[debug] [2023-04-27T19:15:03.943Z] ----------------------------------------------------------------------
[debug] 
[debug] [2023-04-27T19:15:03.948Z] > command requires scopes: ["email","openid","https://www.googleapis.com/auth/cloudplatformprojects.readonly","https://www.googleapis.com/auth/firebase","https://www.googleapis.com/auth/cloud-platform"]
[debug] [2023-04-27T19:15:03.948Z] > authorizing via signed-in user (stefany082011@gmail.com)
[info] 
     ######## #### ########  ######## ########     ###     ######  ########
     ##        ##  ##     ## ##       ##     ##  ##   ##  ##       ##
     ######    ##  ########  ######   ########  #########  ######  ######
     ##        ##  ##    ##  ##       ##     ## ##     ##       ## ##
     ##       #### ##     ## ######## ########  ##     ##  ######  ########

You're about to initialize a Firebase project in this directory:

  /Users/stefaniaarias/proyects/Interviews/stefania-arias-fe-sse-project

[info] 
=== Project Setup
[info] 
[info] First, let's associate this project directory with a Firebase project.
[info] You can create multiple project aliases by running firebase use --add, 
[info] but for now we'll just set up a default project.
[info] 
[debug] [2023-04-27T19:17:00.534Z] >>> [apiv2][query] GET https://firebase.googleapis.com/v1beta1/projects pageSize=100
[debug] [2023-04-27T19:17:01.226Z] <<< [apiv2][status] GET https://firebase.googleapis.com/v1beta1/projects 200
[debug] [2023-04-27T19:17:01.226Z] <<< [apiv2][body] GET https://firebase.googleapis.com/v1beta1/projects [omitted]
[info] i  Using project bevy-exercise (Bevy-exercise) 
[info] 
=== Database Setup
[info] i  database: ensuring required API firebasedatabase.googleapis.com is enabled... 
[debug] [2023-04-27T19:17:06.510Z] >>> [apiv2][query] GET https://serviceusage.googleapis.com/v1/projects/bevy-exercise/services/firebasedatabase.googleapis.com [none]
[debug] [2023-04-27T19:17:06.510Z] >>> [apiv2][(partial)header] GET https://serviceusage.googleapis.com/v1/projects/bevy-exercise/services/firebasedatabase.googleapis.com x-goog-quota-user=projects/bevy-exercise
[debug] [2023-04-27T19:17:07.629Z] <<< [apiv2][status] GET https://serviceusage.googleapis.com/v1/projects/bevy-exercise/services/firebasedatabase.googleapis.com 200
[debug] [2023-04-27T19:17:07.629Z] <<< [apiv2][body] GET https://serviceusage.googleapis.com/v1/projects/bevy-exercise/services/firebasedatabase.googleapis.com [omitted]
[warn] ⚠  database: missing required API firebasedatabase.googleapis.com. Enabling now... 
[debug] [2023-04-27T19:17:07.629Z] >>> [apiv2][query] POST https://serviceusage.googleapis.com/v1/projects/bevy-exercise/services/firebasedatabase.googleapis.com:enable [none]
[debug] [2023-04-27T19:17:07.630Z] >>> [apiv2][(partial)header] POST https://serviceusage.googleapis.com/v1/projects/bevy-exercise/services/firebasedatabase.googleapis.com:enable x-goog-quota-user=projects/bevy-exercise
[debug] [2023-04-27T19:17:09.237Z] <<< [apiv2][status] POST https://serviceusage.googleapis.com/v1/projects/bevy-exercise/services/firebasedatabase.googleapis.com:enable 200
[debug] [2023-04-27T19:17:09.237Z] <<< [apiv2][body] POST https://serviceusage.googleapis.com/v1/projects/bevy-exercise/services/firebasedatabase.googleapis.com:enable [omitted]
[debug] [2023-04-27T19:17:19.239Z] >>> [apiv2][query] GET https://serviceusage.googleapis.com/v1/projects/bevy-exercise/services/firebasedatabase.googleapis.com [none]
[debug] [2023-04-27T19:17:19.239Z] >>> [apiv2][(partial)header] GET https://serviceusage.googleapis.com/v1/projects/bevy-exercise/services/firebasedatabase.googleapis.com x-goog-quota-user=projects/bevy-exercise
[debug] [2023-04-27T19:17:20.320Z] <<< [apiv2][status] GET https://serviceusage.googleapis.com/v1/projects/bevy-exercise/services/firebasedatabase.googleapis.com 200
[debug] [2023-04-27T19:17:20.320Z] <<< [apiv2][body] GET https://serviceusage.googleapis.com/v1/projects/bevy-exercise/services/firebasedatabase.googleapis.com [omitted]
[info] ✔  database: required API firebasedatabase.googleapis.com is enabled 
[info] 
[debug] [2023-04-27T19:17:20.324Z] >>> [apiv2][query] GET https://firebase.googleapis.com/v1beta1/projects/bevy-exercise [none]
[debug] [2023-04-27T19:17:20.727Z] <<< [apiv2][status] GET https://firebase.googleapis.com/v1beta1/projects/bevy-exercise 200
[debug] [2023-04-27T19:17:20.728Z] <<< [apiv2][body] GET https://firebase.googleapis.com/v1beta1/projects/bevy-exercise {"projectId":"bevy-exercise","projectNumber":"144004829681","displayName":"Bevy-exercise","name":"projects/bevy-exercise","resources":{"hostingSite":"bevy-exercise"},"state":"ACTIVE","etag":"1_cc13b6fa-67df-423b-b828-3804d107a434"}
[info] 
[info] Firebase Realtime Database Security Rules allow you to define how your data should be
[info] structured and when your data can be read from and written to.
[info] 
[info] ✔  Default rules have been written to database.rules.json. 
[info] Future modifications to database.rules.json will update Realtime Database Security Rules when you run
[info] firebase deploy.
[info] 
=== Hosting Setup
[info] 
[info] Your public directory is the folder (relative to your project directory) that
[info] will contain Hosting assets to be uploaded with firebase deploy. If you
[info] have a build process for your assets, use your build's output directory.
[info] 
[debug] [2023-04-27T19:18:10.902Z] >>> [apiv2][query] GET https://www.gstatic.com/firebasejs/releases.json [none]
[debug] [2023-04-27T19:18:11.043Z] <<< [apiv2][status] GET https://www.gstatic.com/firebasejs/releases.json 200
[debug] [2023-04-27T19:18:11.043Z] <<< [apiv2][body] GET https://www.gstatic.com/firebasejs/releases.json {"current":{"version":"9.21.0","browserURL":"https://www.gstatic.com/firebasejs/9.21.0/firebase.js","packageURL":"https://www.gstatic.com/firebasejs/9.21.0/firebase.tgz"},"live":{"version":"9.21","browserURL":"https://www.gstatic.com/firebasejs/live/9.21/firebase.js","packageURL":"https://www.gstatic.com/firebasejs/live/9.21/firebase.tgz"},"components":{"analytics":"https://www.gstatic.com/firebasejs/9.21.0/firebase-analytics.js","app":"https://www.gstatic.com/firebasejs/9.21.0/firebase-app.js","app-check":"https://www.gstatic.com/firebasejs/9.21.0/firebase-app-check.js","auth":"https://www.gstatic.com/firebasejs/9.21.0/firebase-auth.js","auth/cordova":"https://www.gstatic.com/firebasejs/9.21.0/firebase-auth/cordova.js","auth/react-native":"https://www.gstatic.com/firebasejs/9.21.0/firebase-auth/react-native.js","functions":"https://www.gstatic.com/firebasejs/9.21.0/firebase-functions.js","firestore":"https://www.gstatic.com/firebasejs/9.21.0/firebase-firestore.js","firestore/lite":"https://www.gstatic.com/firebasejs/9.21.0/firebase-firestore/lite.js","installations":"https://www.gstatic.com/firebasejs/9.21.0/firebase-installations.js","storage":"https://www.gstatic.com/firebasejs/9.21.0/firebase-storage.js","performance":"https://www.gstatic.com/firebasejs/9.21.0/firebase-performance.js","remote-config":"https://www.gstatic.com/firebasejs/9.21.0/firebase-remote-config.js","messaging":"https://www.gstatic.com/firebasejs/9.21.0/firebase-messaging.js","messaging/sw":"https://www.gstatic.com/firebasejs/9.21.0/firebase-messaging/sw.js","database":"https://www.gstatic.com/firebasejs/9.21.0/firebase-database.js","firestore.memory":"https://www.gstatic.com/firebasejs/9.21.0/firebase-firestore.memory.js"}}
[info] i  Skipping write of public/index.html 
[info] 
[info] i  Detected a .git folder at /Users/stefaniaarias/proyects/Interviews/stefania-arias-fe-sse-project 
[info] i  Authorizing with GitHub to upload your service account to a GitHub repository's secrets store. 
[info] 
[info] Visit this URL on this device to log in:
[info] https://github.com/login/oauth/authorize?client_id=89cf50f02ac6aaed3484&state=448348981&redirect_uri=http%3A%2F%2Flocalhost%3A9005&scope=read%3Auser%20repo%20public_repo
[info] 
[info] Waiting for authentication...
